2017-08-01 16:11:21 [scrapy.utils.log] INFO: Scrapy 1.4.0 started (bot: scrapybot)
2017-08-01 16:11:21 [scrapy.utils.log] INFO: Overridden settings: {'DOWNLOAD_DELAY': 2, 'LOG_FILE': 'web/spiders/log/1.log', 'LOG_STDOUT': True}
2017-08-01 16:11:21 [scrapy.middleware] INFO: Enabled extensions:
['scrapy.extensions.corestats.CoreStats',
 'scrapy.extensions.telnet.TelnetConsole',
 'scrapy.extensions.memusage.MemoryUsage',
 'scrapy.extensions.logstats.LogStats']
2017-08-01 16:11:21 [scrapy.middleware] INFO: Enabled downloader middlewares:
['scrapy.downloadermiddlewares.httpauth.HttpAuthMiddleware',
 'scrapy.downloadermiddlewares.downloadtimeout.DownloadTimeoutMiddleware',
 'scrapy.downloadermiddlewares.defaultheaders.DefaultHeadersMiddleware',
 'scrapy.downloadermiddlewares.useragent.UserAgentMiddleware',
 'scrapy.downloadermiddlewares.retry.RetryMiddleware',
 'scrapy.downloadermiddlewares.redirect.MetaRefreshMiddleware',
 'scrapy.downloadermiddlewares.httpcompression.HttpCompressionMiddleware',
 'scrapy.downloadermiddlewares.redirect.RedirectMiddleware',
 'scrapy.downloadermiddlewares.cookies.CookiesMiddleware',
 'scrapy.downloadermiddlewares.httpproxy.HttpProxyMiddleware',
 'scrapy.downloadermiddlewares.stats.DownloaderStats']
2017-08-01 16:11:21 [scrapy.middleware] INFO: Enabled spider middlewares:
['scrapy.spidermiddlewares.httperror.HttpErrorMiddleware',
 'scrapy.spidermiddlewares.offsite.OffsiteMiddleware',
 'scrapy.spidermiddlewares.referer.RefererMiddleware',
 'scrapy.spidermiddlewares.urllength.UrlLengthMiddleware',
 'scrapy.spidermiddlewares.depth.DepthMiddleware']
2017-08-01 16:11:21 [scrapy.middleware] INFO: Enabled item pipelines:
['AuthorSpider.DBPipeline']
2017-08-01 16:11:21 [scrapy.core.engine] INFO: Spider opened
2017-08-01 16:11:21 [scrapy.extensions.logstats] INFO: Crawled 0 pages (at 0 pages/min), scraped 0 items (at 0 items/min)
2017-08-01 16:11:21 [scrapy.extensions.telnet] DEBUG: Telnet console listening on 127.0.0.1:6023
2017-08-01 16:11:22 [scrapy.core.engine] DEBUG: Crawled (200) <GET https://scholar.google.com/citations?user=tAQTJRIAAAAJ&hl=zh-CN> (referer: None)
2017-08-01 16:11:24 [scrapy.core.engine] DEBUG: Crawled (200) <GET https://scholar.google.com/citations?view_op=view_citation&hl=zh-CN&oe=GB&user=tAQTJRIAAAAJ&citation_for_view=tAQTJRIAAAAJ:4TOpqqG69KYC> (referer: https://scholar.google.com/citations?user=tAQTJRIAAAAJ&hl=zh-CN)
2017-08-01 16:11:24 [scrapy.core.scraper] DEBUG: Scraped from <200 https://scholar.google.com/citations?view_op=view_citation&hl=zh-CN&oe=GB&user=tAQTJRIAAAAJ&citation_for_view=tAQTJRIAAAAJ:4TOpqqG69KYC>
{'authors': '',
 'conference': '',
 'gs_link': 'https://scholar.google.com/citations?view_op=view_citation&hl=zh-CN&oe=GB&user=tAQTJRIAAAAJ&citation_for_view=tAQTJRIAAAAJ:4TOpqqG69KYC',
 'journal': '',
 'pdf_link': 'https://www.researchgate.net/profile/Simon_Miller2/publication/256211469_Constructing_General_Type-2_Fuzzy_Sets_from_Interval-valued_Data/links/0046352dfe9b89cb5b000000.pdf',
 'publication_date': None,
 'publisher': '',
 'title': 'Constructing general type-2 fuzzy sets from interval-valued data',
 'total_citations': '0'}
2017-08-01 16:11:26 [scrapy.core.engine] DEBUG: Crawled (200) <GET https://scholar.google.com/citations?view_op=view_citation&hl=zh-CN&oe=GB&user=tAQTJRIAAAAJ&citation_for_view=tAQTJRIAAAAJ:M3ejUd6NZC8C> (referer: https://scholar.google.com/citations?user=tAQTJRIAAAAJ&hl=zh-CN)
2017-08-01 16:11:26 [scrapy.core.scraper] DEBUG: Scraped from <200 https://scholar.google.com/citations?view_op=view_citation&hl=zh-CN&oe=GB&user=tAQTJRIAAAAJ&citation_for_view=tAQTJRIAAAAJ:M3ejUd6NZC8C>
{'authors': '',
 'conference': '',
 'gs_link': 'https://scholar.google.com/citations?view_op=view_citation&hl=zh-CN&oe=GB&user=tAQTJRIAAAAJ&citation_for_view=tAQTJRIAAAAJ:M3ejUd6NZC8C',
 'journal': '',
 'pdf_link': '',
 'publication_date': None,
 'publisher': '',
 'title': 'Extracting meta-measures from data for fuzzy aggregation of crowd '
          'sourced information',
 'total_citations': '0'}
2017-08-01 16:11:29 [scrapy.core.engine] DEBUG: Crawled (200) <GET https://scholar.google.com/citations?view_op=view_citation&hl=zh-CN&oe=GB&user=tAQTJRIAAAAJ&citation_for_view=tAQTJRIAAAAJ:5nxA0vEk-isC> (referer: https://scholar.google.com/citations?user=tAQTJRIAAAAJ&hl=zh-CN)
2017-08-01 16:11:29 [scrapy.core.scraper] DEBUG: Scraped from <200 https://scholar.google.com/citations?view_op=view_citation&hl=zh-CN&oe=GB&user=tAQTJRIAAAAJ&citation_for_view=tAQTJRIAAAAJ:5nxA0vEk-isC>
{'authors': '',
 'conference': '',
 'gs_link': 'https://scholar.google.com/citations?view_op=view_citation&hl=zh-CN&oe=GB&user=tAQTJRIAAAAJ&citation_for_view=tAQTJRIAAAAJ:5nxA0vEk-isC',
 'journal': '',
 'pdf_link': 'https://pdfs.semanticscholar.org/9a76/86ce7c91ad1a835b3d4bdbb11be5f7c07505.pdf',
 'publication_date': None,
 'publisher': '',
 'title': 'Evolving Type-2 Fuzzy Logic Controllers for Autonomous Mobile '
          'Robots',
 'total_citations': '0'}
2017-08-01 16:11:31 [scrapy.core.engine] DEBUG: Crawled (200) <GET https://scholar.google.com/citations?view_op=view_citation&hl=zh-CN&oe=GB&user=tAQTJRIAAAAJ&citation_for_view=tAQTJRIAAAAJ:0EnyYjriUFMC> (referer: https://scholar.google.com/citations?user=tAQTJRIAAAAJ&hl=zh-CN)
2017-08-01 16:11:31 [scrapy.core.scraper] DEBUG: Scraped from <200 https://scholar.google.com/citations?view_op=view_citation&hl=zh-CN&oe=GB&user=tAQTJRIAAAAJ&citation_for_view=tAQTJRIAAAAJ:0EnyYjriUFMC>
{'authors': '',
 'conference': '',
 'gs_link': 'https://scholar.google.com/citations?view_op=view_citation&hl=zh-CN&oe=GB&user=tAQTJRIAAAAJ&citation_for_view=tAQTJRIAAAAJ:0EnyYjriUFMC',
 'journal': '',
 'pdf_link': '',
 'publication_date': None,
 'publisher': '',
 'title': 'Introduction to interval type-2 fuzzy logic controllers-towards '
          'better uncertainty handling in real world applications',
 'total_citations': '0'}
2017-08-01 16:11:34 [scrapy.core.engine] DEBUG: Crawled (200) <GET https://scholar.google.com/citations?view_op=view_citation&hl=zh-CN&oe=GB&user=tAQTJRIAAAAJ&citation_for_view=tAQTJRIAAAAJ:d1gkVwhDpl0C> (referer: https://scholar.google.com/citations?user=tAQTJRIAAAAJ&hl=zh-CN)
2017-08-01 16:11:34 [scrapy.core.scraper] DEBUG: Scraped from <200 https://scholar.google.com/citations?view_op=view_citation&hl=zh-CN&oe=GB&user=tAQTJRIAAAAJ&citation_for_view=tAQTJRIAAAAJ:d1gkVwhDpl0C>
{'authors': '',
 'conference': '',
 'gs_link': 'https://scholar.google.com/citations?view_op=view_citation&hl=zh-CN&oe=GB&user=tAQTJRIAAAAJ&citation_for_view=tAQTJRIAAAAJ:d1gkVwhDpl0C',
 'journal': '',
 'pdf_link': 'https://www.researchgate.net/profile/Hani_Hagras/publication/224599501_zSlices_based_General_Type-2_FLC_for_the_Control_of_Autonomous_Mobile_Robots_in_Real_World_Environments/links/5445139f0cf2dccf30b7fa6a/zSlices-based-General-Type-2-FLC-for-the-Control-of-Autonomous-Mobile-Robots-in-Real-World-Environments.pdf',
 'publication_date': None,
 'publisher': '',
 'title': 'zSlices based general type-2 FLC for the control of autonomous '
          'mobile robots in real world environments',
 'total_citations': '0'}
2017-08-01 16:11:35 [scrapy.core.engine] DEBUG: Crawled (200) <GET https://scholar.google.com/citations?view_op=view_citation&hl=zh-CN&oe=GB&user=tAQTJRIAAAAJ&citation_for_view=tAQTJRIAAAAJ:2osOgNQ5qMEC> (referer: https://scholar.google.com/citations?user=tAQTJRIAAAAJ&hl=zh-CN)
2017-08-01 16:11:35 [scrapy.core.scraper] DEBUG: Scraped from <200 https://scholar.google.com/citations?view_op=view_citation&hl=zh-CN&oe=GB&user=tAQTJRIAAAAJ&citation_for_view=tAQTJRIAAAAJ:2osOgNQ5qMEC>
{'authors': '',
 'conference': '',
 'gs_link': 'https://scholar.google.com/citations?view_op=view_citation&hl=zh-CN&oe=GB&user=tAQTJRIAAAAJ&citation_for_view=tAQTJRIAAAAJ:2osOgNQ5qMEC',
 'journal': '',
 'pdf_link': 'http://repository.essex.ac.uk/4433/1/multilevelagreement.pdf',
 'publication_date': None,
 'publisher': '',
 'title': 'Employing zSlices based general type-2 fuzzy sets to model multi '
          'level agreement',
 'total_citations': '0'}
2017-08-01 16:11:37 [scrapy.core.engine] DEBUG: Crawled (200) <GET https://scholar.google.com/citations?view_op=view_citation&hl=zh-CN&oe=GB&user=tAQTJRIAAAAJ&citation_for_view=tAQTJRIAAAAJ:O3NaXMp0MMsC> (referer: https://scholar.google.com/citations?user=tAQTJRIAAAAJ&hl=zh-CN)
2017-08-01 16:11:37 [scrapy.core.scraper] DEBUG: Scraped from <200 https://scholar.google.com/citations?view_op=view_citation&hl=zh-CN&oe=GB&user=tAQTJRIAAAAJ&citation_for_view=tAQTJRIAAAAJ:O3NaXMp0MMsC>
{'authors': '',
 'conference': '',
 'gs_link': 'https://scholar.google.com/citations?view_op=view_citation&hl=zh-CN&oe=GB&user=tAQTJRIAAAAJ&citation_for_view=tAQTJRIAAAAJ:O3NaXMp0MMsC',
 'journal': '',
 'pdf_link': 'https://pdfs.semanticscholar.org/3859/0f694bf53842e8fd0604f3188cb4b1bcad4d.pdf',
 'publication_date': None,
 'publisher': '',
 'title': 'Juzzy-a java based toolkit for type-2 fuzzy logic',
 'total_citations': '0'}
2017-08-01 16:11:40 [scrapy.core.engine] DEBUG: Crawled (200) <GET https://scholar.google.com/citations?view_op=view_citation&hl=zh-CN&oe=GB&user=tAQTJRIAAAAJ&citation_for_view=tAQTJRIAAAAJ:4DMP91E08xMC> (referer: https://scholar.google.com/citations?user=tAQTJRIAAAAJ&hl=zh-CN)
2017-08-01 16:11:40 [scrapy.core.scraper] DEBUG: Scraped from <200 https://scholar.google.com/citations?view_op=view_citation&hl=zh-CN&oe=GB&user=tAQTJRIAAAAJ&citation_for_view=tAQTJRIAAAAJ:4DMP91E08xMC>
{'authors': '',
 'conference': '',
 'gs_link': 'https://scholar.google.com/citations?view_op=view_citation&hl=zh-CN&oe=GB&user=tAQTJRIAAAAJ&citation_for_view=tAQTJRIAAAAJ:4DMP91E08xMC',
 'journal': '',
 'pdf_link': 'https://www.researchgate.net/profile/Hani_Hagras/publication/256214422_Multiobjective_Optimization_and_Comparison_of_Nonsingleton_Type-1_and_Singleton_Interval_Type-2_Fuzzy_Logic_Systems/links/544543bb0cf2f14fb80ef866.pdf',
 'publication_date': None,
 'publisher': '',
 'title': 'Multiobjective optimization and comparison of nonsingleton type-1 '
          'and singleton interval type-2 fuzzy logic systems',
 'total_citations': '0'}
2017-08-01 16:11:43 [scrapy.core.engine] DEBUG: Crawled (200) <GET https://scholar.google.com/citations?view_op=view_citation&hl=zh-CN&oe=GB&user=tAQTJRIAAAAJ&citation_for_view=tAQTJRIAAAAJ:qjMakFHDy7sC> (referer: https://scholar.google.com/citations?user=tAQTJRIAAAAJ&hl=zh-CN)
2017-08-01 16:11:43 [scrapy.core.scraper] DEBUG: Scraped from <200 https://scholar.google.com/citations?view_op=view_citation&hl=zh-CN&oe=GB&user=tAQTJRIAAAAJ&citation_for_view=tAQTJRIAAAAJ:qjMakFHDy7sC>
{'authors': '',
 'conference': '',
 'gs_link': 'https://scholar.google.com/citations?view_op=view_citation&hl=zh-CN&oe=GB&user=tAQTJRIAAAAJ&citation_for_view=tAQTJRIAAAAJ:qjMakFHDy7sC',
 'journal': '',
 'pdf_link': 'https://pdfs.semanticscholar.org/3b11/b62e18ca200bbf37897865dd699632ad1d0c.pdf',
 'publication_date': None,
 'publisher': '',
 'title': 'Novel methods for the design of general type-2 fuzzy sets based on '
          'device characteristics and linguistic labels surveys',
 'total_citations': '0'}
2017-08-01 16:11:45 [scrapy.core.engine] DEBUG: Crawled (200) <GET https://scholar.google.com/citations?view_op=view_citation&hl=zh-CN&oe=GB&user=tAQTJRIAAAAJ&citation_for_view=tAQTJRIAAAAJ:M05iB0D1s5AC> (referer: https://scholar.google.com/citations?user=tAQTJRIAAAAJ&hl=zh-CN)
2017-08-01 16:11:45 [scrapy.core.scraper] DEBUG: Scraped from <200 https://scholar.google.com/citations?view_op=view_citation&hl=zh-CN&oe=GB&user=tAQTJRIAAAAJ&citation_for_view=tAQTJRIAAAAJ:M05iB0D1s5AC>
{'authors': '',
 'conference': '',
 'gs_link': 'https://scholar.google.com/citations?view_op=view_citation&hl=zh-CN&oe=GB&user=tAQTJRIAAAAJ&citation_for_view=tAQTJRIAAAAJ:M05iB0D1s5AC',
 'journal': '',
 'pdf_link': 'http://eprints.nottingham.ac.uk/29176/1/',
 'publication_date': None,
 'publisher': '',
 'title': 'From interval-valued data to general type-2 fuzzy sets',
 'total_citations': '0'}
2017-08-01 16:11:48 [scrapy.core.engine] DEBUG: Crawled (200) <GET https://scholar.google.com/citations?view_op=view_citation&hl=zh-CN&oe=GB&user=tAQTJRIAAAAJ&citation_for_view=tAQTJRIAAAAJ:_kc_bZDykSQC> (referer: https://scholar.google.com/citations?user=tAQTJRIAAAAJ&hl=zh-CN)
2017-08-01 16:11:48 [scrapy.core.scraper] DEBUG: Scraped from <200 https://scholar.google.com/citations?view_op=view_citation&hl=zh-CN&oe=GB&user=tAQTJRIAAAAJ&citation_for_view=tAQTJRIAAAAJ:_kc_bZDykSQC>
{'authors': '',
 'conference': '',
 'gs_link': 'https://scholar.google.com/citations?view_op=view_citation&hl=zh-CN&oe=GB&user=tAQTJRIAAAAJ&citation_for_view=tAQTJRIAAAAJ:_kc_bZDykSQC',
 'journal': '',
 'pdf_link': 'https://www.researchgate.net/profile/Hani_Hagras/publication/267097192_T2_Applications_2013/links/544545110cf2f14fb80ef88f.pdf',
 'publication_date': None,
 'publisher': '',
 'title': 'Towards the wide spread use of type-2 fuzzy logic systems in real '
          'world applications',
 'total_citations': '0'}
2017-08-01 16:11:51 [scrapy.core.engine] DEBUG: Crawled (200) <GET https://scholar.google.com/citations?view_op=view_citation&hl=zh-CN&oe=GB&user=tAQTJRIAAAAJ&citation_for_view=tAQTJRIAAAAJ:hqOjcs7Dif8C> (referer: https://scholar.google.com/citations?user=tAQTJRIAAAAJ&hl=zh-CN)
2017-08-01 16:11:51 [scrapy.core.scraper] DEBUG: Scraped from <200 https://scholar.google.com/citations?view_op=view_citation&hl=zh-CN&oe=GB&user=tAQTJRIAAAAJ&citation_for_view=tAQTJRIAAAAJ:hqOjcs7Dif8C>
{'authors': '',
 'conference': '',
 'gs_link': 'https://scholar.google.com/citations?view_op=view_citation&hl=zh-CN&oe=GB&user=tAQTJRIAAAAJ&citation_for_view=tAQTJRIAAAAJ:hqOjcs7Dif8C',
 'journal': '',
 'pdf_link': 'http://www.academia.edu/download/31151814/wagner2007.pdf',
 'publication_date': None,
 'publisher': '',
 'title': 'A genetic algorithm based architecture for evolving type-2 fuzzy '
          'logic controllers for real world autonomous mobile robots',
 'total_citations': '0'}
2017-08-01 16:11:54 [scrapy.core.engine] DEBUG: Crawled (200) <GET https://scholar.google.com/citations?view_op=view_citation&hl=zh-CN&oe=GB&user=tAQTJRIAAAAJ&citation_for_view=tAQTJRIAAAAJ:u-x6o8ySG0sC> (referer: https://scholar.google.com/citations?user=tAQTJRIAAAAJ&hl=zh-CN)
2017-08-01 16:11:54 [scrapy.core.scraper] DEBUG: Scraped from <200 https://scholar.google.com/citations?view_op=view_citation&hl=zh-CN&oe=GB&user=tAQTJRIAAAAJ&citation_for_view=tAQTJRIAAAAJ:u-x6o8ySG0sC>
{'authors': '',
 'conference': '',
 'gs_link': 'https://scholar.google.com/citations?view_op=view_citation&hl=zh-CN&oe=GB&user=tAQTJRIAAAAJ&citation_for_view=tAQTJRIAAAAJ:u-x6o8ySG0sC',
 'journal': '',
 'pdf_link': 'https://www.researchgate.net/profile/Hani_Hagras/publication/4375829_zSlices_-_Towards_bridging_the_gap_between_Interval_and_General_Type-2_Fuzzy_Logic/links/544513a30cf2dccf30b7faf9.pdf',
 'publication_date': None,
 'publisher': '',
 'title': 'zSlices—towards bridging the gap between interval and general '
          'type-2 fuzzy logic',
 'total_citations': '0'}
2017-08-01 16:11:57 [scrapy.core.engine] DEBUG: Crawled (200) <GET https://scholar.google.com/citations?view_op=view_citation&hl=zh-CN&oe=GB&user=tAQTJRIAAAAJ&citation_for_view=tAQTJRIAAAAJ:Y0pCki6q_DkC> (referer: https://scholar.google.com/citations?user=tAQTJRIAAAAJ&hl=zh-CN)
2017-08-01 16:11:57 [scrapy.core.scraper] DEBUG: Scraped from <200 https://scholar.google.com/citations?view_op=view_citation&hl=zh-CN&oe=GB&user=tAQTJRIAAAAJ&citation_for_view=tAQTJRIAAAAJ:Y0pCki6q_DkC>
{'authors': '',
 'conference': '',
 'gs_link': 'https://scholar.google.com/citations?view_op=view_citation&hl=zh-CN&oe=GB&user=tAQTJRIAAAAJ&citation_for_view=tAQTJRIAAAAJ:Y0pCki6q_DkC',
 'journal': '',
 'pdf_link': 'https://www.researchgate.net/profile/Martin_Fleury/publication/224459783_Interval_Type-2_Fuzzy_Logic_Congestion_Control_for_Video_Streaming_Across_IP_Networks/links/00b49515db5a84e3d3000000.pdf',
 'publication_date': None,
 'publisher': '',
 'title': 'Interval type-2 fuzzy logic congestion control for video streaming '
          'across IP networks',
 'total_citations': '0'}
2017-08-01 16:11:58 [scrapy.crawler] INFO: Received SIG_SETMASK, shutting down gracefully. Send again to force 
2017-08-01 16:11:58 [scrapy.core.engine] INFO: Closing spider (shutdown)
2017-08-01 16:11:59 [scrapy.core.engine] DEBUG: Crawled (200) <GET https://scholar.google.com/citations?view_op=view_citation&hl=zh-CN&oe=GB&user=tAQTJRIAAAAJ&citation_for_view=tAQTJRIAAAAJ:u5HHmVD_uO8C> (referer: https://scholar.google.com/citations?user=tAQTJRIAAAAJ&hl=zh-CN)
2017-08-01 16:12:00 [scrapy.core.scraper] DEBUG: Scraped from <200 https://scholar.google.com/citations?view_op=view_citation&hl=zh-CN&oe=GB&user=tAQTJRIAAAAJ&citation_for_view=tAQTJRIAAAAJ:u5HHmVD_uO8C>
{'authors': '',
 'conference': '',
 'gs_link': 'https://scholar.google.com/citations?view_op=view_citation&hl=zh-CN&oe=GB&user=tAQTJRIAAAAJ&citation_for_view=tAQTJRIAAAAJ:u5HHmVD_uO8C',
 'journal': '',
 'pdf_link': 'https://pdfs.semanticscholar.org/84fb/2c765a0ba55b86b4d8773dfe817c461c6f16.pdf',
 'publication_date': None,
 'publisher': '',
 'title': 'Toward general type-2 fuzzy logic systems based on zSlices',
 'total_citations': '0'}
2017-08-01 16:12:02 [scrapy.core.engine] DEBUG: Crawled (200) <GET https://scholar.google.com/citations?user=tAQTJRIAAAAJ&hl=zh-CN&cstart=20&pagesize=20> (referer: https://scholar.google.com/citations?user=tAQTJRIAAAAJ&hl=zh-CN)
2017-08-01 16:12:05 [scrapy.core.engine] DEBUG: Crawled (200) <GET https://scholar.google.com/citations?view_op=view_citation&hl=zh-CN&oe=GB&user=tAQTJRIAAAAJ&citation_for_view=tAQTJRIAAAAJ:ldfaerwXgEUC> (referer: https://scholar.google.com/citations?user=tAQTJRIAAAAJ&hl=zh-CN)
2017-08-01 16:12:05 [scrapy.core.scraper] DEBUG: Scraped from <200 https://scholar.google.com/citations?view_op=view_citation&hl=zh-CN&oe=GB&user=tAQTJRIAAAAJ&citation_for_view=tAQTJRIAAAAJ:ldfaerwXgEUC>
{'authors': '',
 'conference': '',
 'gs_link': 'https://scholar.google.com/citations?view_op=view_citation&hl=zh-CN&oe=GB&user=tAQTJRIAAAAJ&citation_for_view=tAQTJRIAAAAJ:ldfaerwXgEUC',
 'journal': '',
 'pdf_link': 'http://eprints.nottingham.ac.uk/37414/1/Extension%20of%20the%20Fuzzy%20Integral%20for%20General%20Fuzzy-Set%20Valued%20Information%20%20%20.pdf',
 'publication_date': None,
 'publisher': '',
 'title': 'Extension of the fuzzy integral for general fuzzy set-valued '
          'information',
 'total_citations': '0'}
2017-08-01 16:12:07 [scrapy.core.engine] DEBUG: Crawled (200) <GET https://scholar.google.com/citations?view_op=view_citation&hl=zh-CN&oe=GB&user=tAQTJRIAAAAJ&citation_for_view=tAQTJRIAAAAJ:aqlVkmm33-oC> (referer: https://scholar.google.com/citations?user=tAQTJRIAAAAJ&hl=zh-CN)
2017-08-01 16:12:07 [scrapy.core.scraper] DEBUG: Scraped from <200 https://scholar.google.com/citations?view_op=view_citation&hl=zh-CN&oe=GB&user=tAQTJRIAAAAJ&citation_for_view=tAQTJRIAAAAJ:aqlVkmm33-oC>
{'authors': '',
 'conference': '',
 'gs_link': 'https://scholar.google.com/citations?view_op=view_citation&hl=zh-CN&oe=GB&user=tAQTJRIAAAAJ&citation_for_view=tAQTJRIAAAAJ:aqlVkmm33-oC',
 'journal': '',
 'pdf_link': 'https://pdfs.semanticscholar.org/26a4/f06ac8add0e4a8537f52b8b23335a5b3d001.pdf',
 'publication_date': None,
 'publisher': '',
 'title': 'Dynamic profile-selection for zslices based type-2 fuzzy agents '
          'controlling multi-user ambient intelligent environments',
 'total_citations': '0'}
2017-08-01 16:12:10 [scrapy.core.engine] DEBUG: Crawled (200) <GET https://scholar.google.com/citations?view_op=view_citation&hl=zh-CN&oe=GB&user=tAQTJRIAAAAJ&citation_for_view=tAQTJRIAAAAJ:9yKSN-GCB0IC> (referer: https://scholar.google.com/citations?user=tAQTJRIAAAAJ&hl=zh-CN)
2017-08-01 16:12:10 [scrapy.core.scraper] DEBUG: Scraped from <200 https://scholar.google.com/citations?view_op=view_citation&hl=zh-CN&oe=GB&user=tAQTJRIAAAAJ&citation_for_view=tAQTJRIAAAAJ:9yKSN-GCB0IC>
{'authors': '',
 'conference': '',
 'gs_link': 'https://scholar.google.com/citations?view_op=view_citation&hl=zh-CN&oe=GB&user=tAQTJRIAAAAJ&citation_for_view=tAQTJRIAAAAJ:9yKSN-GCB0IC',
 'journal': '',
 'pdf_link': 'https://www.researchgate.net/profile/Hani_Hagras/publication/224177005_An_approach_for_the_generation_and_adaptation_of_zSlices_based_general_type-2_fuzzy_sets_from_interval_type-2_fuzzy_sets_to_model_agreement_with_application_to_Intelligent_Environments/links/544513a00cf2dccf30b7fa8d.pdf',
 'publication_date': None,
 'publisher': '',
 'title': 'An approach for the generation and adaptation of zSlices based '
          'general type-2 fuzzy sets from interval type-2 fuzzy sets to model '
          'agreement with application to Intelligent Environments',
 'total_citations': '0'}
2017-08-01 16:12:13 [scrapy.core.engine] DEBUG: Crawled (200) <GET https://scholar.google.com/citations?view_op=view_citation&hl=zh-CN&oe=GB&user=tAQTJRIAAAAJ&citation_for_view=tAQTJRIAAAAJ:eQOLeE2rZwMC> (referer: https://scholar.google.com/citations?user=tAQTJRIAAAAJ&hl=zh-CN)
2017-08-01 16:12:13 [scrapy.core.scraper] DEBUG: Scraped from <200 https://scholar.google.com/citations?view_op=view_citation&hl=zh-CN&oe=GB&user=tAQTJRIAAAAJ&citation_for_view=tAQTJRIAAAAJ:eQOLeE2rZwMC>
{'authors': '',
 'conference': '',
 'gs_link': 'https://scholar.google.com/citations?view_op=view_citation&hl=zh-CN&oe=GB&user=tAQTJRIAAAAJ&citation_for_view=tAQTJRIAAAAJ:eQOLeE2rZwMC',
 'journal': '',
 'pdf_link': 'http://www.academia.edu/download/31151817/wagner2011a.pdf',
 'publication_date': None,
 'publisher': '',
 'title': 'A fuzzy toolbox for the R programming language',
 'total_citations': '0'}
2017-08-01 16:12:15 [scrapy.core.engine] DEBUG: Crawled (200) <GET https://scholar.google.com/citations?view_op=view_citation&hl=zh-CN&oe=GB&user=tAQTJRIAAAAJ&citation_for_view=tAQTJRIAAAAJ:a0OBvERweLwC> (referer: https://scholar.google.com/citations?user=tAQTJRIAAAAJ&hl=zh-CN)
2017-08-01 16:12:15 [scrapy.core.scraper] DEBUG: Scraped from <200 https://scholar.google.com/citations?view_op=view_citation&hl=zh-CN&oe=GB&user=tAQTJRIAAAAJ&citation_for_view=tAQTJRIAAAAJ:a0OBvERweLwC>
{'authors': '',
 'conference': '',
 'gs_link': 'https://scholar.google.com/citations?view_op=view_citation&hl=zh-CN&oe=GB&user=tAQTJRIAAAAJ&citation_for_view=tAQTJRIAAAAJ:a0OBvERweLwC',
 'journal': '',
 'pdf_link': 'http://citeseerx.ist.psu.edu/viewdoc/download?doi=10.1.1.469.7349&rep=rep1&type=pdf',
 'publication_date': None,
 'publisher': '',
 'title': 'Type-1 or interval type-2 fuzzy logic systems—on the relationship '
          'of the amount of uncertainty and FOU size',
 'total_citations': '0'}
2017-08-01 16:12:15 [scrapy.statscollectors] INFO: Dumping Scrapy stats:
{'downloader/request_bytes': 11626,
 'downloader/request_count': 22,
 'downloader/request_method_count/GET': 22,
 'downloader/response_bytes': 386761,
 'downloader/response_count': 22,
 'downloader/response_status_count/200': 22,
 'finish_reason': 'shutdown',
 'finish_time': datetime.datetime(2017, 8, 1, 16, 12, 15, 603275),
 'item_scraped_count': 20,
 'log_count/DEBUG': 43,
 'log_count/INFO': 8,
 'memusage/max': 43835392,
 'memusage/startup': 43835392,
 'request_depth_max': 2,
 'response_received_count': 22,
 'scheduler/dequeued': 22,
 'scheduler/dequeued/memory': 22,
 'scheduler/enqueued': 43,
 'scheduler/enqueued/memory': 43,
 'start_time': datetime.datetime(2017, 8, 1, 16, 11, 21, 876145)}
2017-08-01 16:12:15 [scrapy.core.engine] INFO: Spider closed (shutdown)
2017-08-01 16:22:07 [scrapy.utils.log] INFO: Scrapy 1.4.0 started (bot: scrapybot)
2017-08-01 16:22:07 [scrapy.utils.log] INFO: Overridden settings: {'DOWNLOAD_DELAY': 2, 'LOG_FILE': 'web/spiders/log/1.log', 'LOG_STDOUT': True}
2017-08-01 16:22:07 [scrapy.middleware] INFO: Enabled extensions:
['scrapy.extensions.corestats.CoreStats',
 'scrapy.extensions.telnet.TelnetConsole',
 'scrapy.extensions.memusage.MemoryUsage',
 'scrapy.extensions.logstats.LogStats']
2017-08-01 16:22:07 [scrapy.middleware] INFO: Enabled downloader middlewares:
['scrapy.downloadermiddlewares.httpauth.HttpAuthMiddleware',
 'scrapy.downloadermiddlewares.downloadtimeout.DownloadTimeoutMiddleware',
 'scrapy.downloadermiddlewares.defaultheaders.DefaultHeadersMiddleware',
 'scrapy.downloadermiddlewares.useragent.UserAgentMiddleware',
 'scrapy.downloadermiddlewares.retry.RetryMiddleware',
 'scrapy.downloadermiddlewares.redirect.MetaRefreshMiddleware',
 'scrapy.downloadermiddlewares.httpcompression.HttpCompressionMiddleware',
 'scrapy.downloadermiddlewares.redirect.RedirectMiddleware',
 'scrapy.downloadermiddlewares.cookies.CookiesMiddleware',
 'scrapy.downloadermiddlewares.httpproxy.HttpProxyMiddleware',
 'scrapy.downloadermiddlewares.stats.DownloaderStats']
2017-08-01 16:22:07 [scrapy.middleware] INFO: Enabled spider middlewares:
['scrapy.spidermiddlewares.httperror.HttpErrorMiddleware',
 'scrapy.spidermiddlewares.offsite.OffsiteMiddleware',
 'scrapy.spidermiddlewares.referer.RefererMiddleware',
 'scrapy.spidermiddlewares.urllength.UrlLengthMiddleware',
 'scrapy.spidermiddlewares.depth.DepthMiddleware']
2017-08-01 16:22:07 [scrapy.middleware] INFO: Enabled item pipelines:
['AuthorSpider.DBPipeline']
2017-08-01 16:22:07 [scrapy.core.engine] INFO: Spider opened
2017-08-01 16:22:07 [scrapy.extensions.logstats] INFO: Crawled 0 pages (at 0 pages/min), scraped 0 items (at 0 items/min)
2017-08-01 16:22:07 [scrapy.extensions.telnet] DEBUG: Telnet console listening on 127.0.0.1:6023
2017-08-01 16:22:07 [scrapy.core.engine] DEBUG: Crawled (200) <GET https://scholar.google.com/citations?user=tAQTJRIAAAAJ&hl=en> (referer: None)
2017-08-01 16:22:09 [scrapy.core.engine] DEBUG: Crawled (200) <GET https://scholar.google.com/citations?view_op=view_citation&hl=en&oe=ASCII&user=tAQTJRIAAAAJ&citation_for_view=tAQTJRIAAAAJ:4TOpqqG69KYC> (referer: https://scholar.google.com/citations?user=tAQTJRIAAAAJ&hl=en)
2017-08-01 16:22:09 [scrapy.core.scraper] DEBUG: Scraped from <200 https://scholar.google.com/citations?view_op=view_citation&hl=en&oe=ASCII&user=tAQTJRIAAAAJ&citation_for_view=tAQTJRIAAAAJ:4TOpqqG69KYC>
{'authors': 'Simon Miller, Christian Wagner, Jonathan M Garibaldi, Susan '
            'Appleby',
 'conference': 'Fuzzy Systems (FUZZ-IEEE), 2012 IEEE International Conference '
               'on',
 'gs_link': 'https://scholar.google.com/citations?view_op=view_citation&hl=en&oe=ASCII&user=tAQTJRIAAAAJ&citation_for_view=tAQTJRIAAAAJ:4TOpqqG69KYC',
 'journal': '',
 'pdf_link': 'https://www.researchgate.net/profile/Simon_Miller2/publication/256211469_Constructing_General_Type-2_Fuzzy_Sets_from_Interval-valued_Data/links/0046352dfe9b89cb5b000000.pdf',
 'publication_date': '2012/6/10',
 'publisher': 'IEEE',
 'title': 'Constructing general type-2 fuzzy sets from interval-valued data',
 'total_citations': '20'}
2017-08-01 16:22:11 [scrapy.core.engine] DEBUG: Crawled (200) <GET https://scholar.google.com/citations?view_op=view_citation&hl=en&oe=ASCII&user=tAQTJRIAAAAJ&citation_for_view=tAQTJRIAAAAJ:M3ejUd6NZC8C> (referer: https://scholar.google.com/citations?user=tAQTJRIAAAAJ&hl=en)
2017-08-01 16:22:11 [scrapy.core.scraper] DEBUG: Scraped from <200 https://scholar.google.com/citations?view_op=view_citation&hl=en&oe=ASCII&user=tAQTJRIAAAAJ&citation_for_view=tAQTJRIAAAAJ:M3ejUd6NZC8C>
{'authors': 'Christian Wagner, Derek T Anderson',
 'conference': 'Fuzzy Systems (FUZZ-IEEE), 2012 IEEE International Conference '
               'on',
 'gs_link': 'https://scholar.google.com/citations?view_op=view_citation&hl=en&oe=ASCII&user=tAQTJRIAAAAJ&citation_for_view=tAQTJRIAAAAJ:M3ejUd6NZC8C',
 'journal': '',
 'pdf_link': '',
 'publication_date': '2012/6/10',
 'publisher': 'IEEE',
 'title': 'Extracting meta-measures from data for fuzzy aggregation of crowd '
          'sourced information',
 'total_citations': '20'}
2017-08-01 16:22:13 [scrapy.core.engine] DEBUG: Crawled (200) <GET https://scholar.google.com/citations?view_op=view_citation&hl=en&oe=ASCII&user=tAQTJRIAAAAJ&citation_for_view=tAQTJRIAAAAJ:5nxA0vEk-isC> (referer: https://scholar.google.com/citations?user=tAQTJRIAAAAJ&hl=en)
2017-08-01 16:22:13 [scrapy.core.scraper] DEBUG: Scraped from <200 https://scholar.google.com/citations?view_op=view_citation&hl=en&oe=ASCII&user=tAQTJRIAAAAJ&citation_for_view=tAQTJRIAAAAJ:5nxA0vEk-isC>
{'authors': 'Christian Wagner, Hani Hagras',
 'conference': '',
 'gs_link': 'https://scholar.google.com/citations?view_op=view_citation&hl=en&oe=ASCII&user=tAQTJRIAAAAJ&citation_for_view=tAQTJRIAAAAJ:5nxA0vEk-isC',
 'journal': 'Analysis and Design of Intelligent Systems using Soft Computing '
            'Techniques',
 'pdf_link': 'https://pdfs.semanticscholar.org/9a76/86ce7c91ad1a835b3d4bdbb11be5f7c07505.pdf',
 'publication_date': '2007/01/01',
 'publisher': 'Springer Berlin/Heidelberg',
 'title': 'Evolving Type-2 Fuzzy Logic Controllers for Autonomous Mobile '
          'Robots',
 'total_citations': '23'}
2017-08-01 16:22:15 [scrapy.core.engine] DEBUG: Crawled (200) <GET https://scholar.google.com/citations?view_op=view_citation&hl=en&oe=ASCII&user=tAQTJRIAAAAJ&citation_for_view=tAQTJRIAAAAJ:0EnyYjriUFMC> (referer: https://scholar.google.com/citations?user=tAQTJRIAAAAJ&hl=en)
2017-08-01 16:22:15 [scrapy.core.scraper] DEBUG: Scraped from <200 https://scholar.google.com/citations?view_op=view_citation&hl=en&oe=ASCII&user=tAQTJRIAAAAJ&citation_for_view=tAQTJRIAAAAJ:0EnyYjriUFMC>
{'authors': 'Hani Hagras, Christian Wagner',
 'conference': '',
 'gs_link': 'https://scholar.google.com/citations?view_op=view_citation&hl=en&oe=ASCII&user=tAQTJRIAAAAJ&citation_for_view=tAQTJRIAAAAJ:0EnyYjriUFMC',
 'journal': 'IEEE Systems, Man and Cybernetics eNewsletterIssue',
 'pdf_link': '',
 'publication_date': '2009/06/01',
 'publisher': '',
 'title': 'Introduction to interval type-2 fuzzy logic controllers-towards '
          'better uncertainty handling in real world applications',
 'total_citations': '26'}
2017-08-01 16:22:18 [scrapy.core.engine] DEBUG: Crawled (200) <GET https://scholar.google.com/citations?view_op=view_citation&hl=en&oe=ASCII&user=tAQTJRIAAAAJ&citation_for_view=tAQTJRIAAAAJ:d1gkVwhDpl0C> (referer: https://scholar.google.com/citations?user=tAQTJRIAAAAJ&hl=en)
2017-08-01 16:22:18 [scrapy.core.scraper] DEBUG: Scraped from <200 https://scholar.google.com/citations?view_op=view_citation&hl=en&oe=ASCII&user=tAQTJRIAAAAJ&citation_for_view=tAQTJRIAAAAJ:d1gkVwhDpl0C>
{'authors': 'Christian Wagner, Hani Hagras',
 'conference': 'Fuzzy Systems, 2009. FUZZ-IEEE 2009. IEEE International '
               'Conference on',
 'gs_link': 'https://scholar.google.com/citations?view_op=view_citation&hl=en&oe=ASCII&user=tAQTJRIAAAAJ&citation_for_view=tAQTJRIAAAAJ:d1gkVwhDpl0C',
 'journal': '',
 'pdf_link': 'https://www.researchgate.net/profile/Hani_Hagras/publication/224599501_zSlices_based_General_Type-2_FLC_for_the_Control_of_Autonomous_Mobile_Robots_in_Real_World_Environments/links/5445139f0cf2dccf30b7fa6a/zSlices-based-General-Type-2-FLC-for-the-Control-of-Autonomous-Mobile-Robots-in-Real-World-Environments.pdf',
 'publication_date': '2009/8/20',
 'publisher': 'IEEE',
 'title': 'zSlices based general type-2 FLC for the control of autonomous '
          'mobile robots in real world environments',
 'total_citations': '26'}
2017-08-01 16:22:21 [scrapy.core.engine] DEBUG: Crawled (200) <GET https://scholar.google.com/citations?view_op=view_citation&hl=en&oe=ASCII&user=tAQTJRIAAAAJ&citation_for_view=tAQTJRIAAAAJ:2osOgNQ5qMEC> (referer: https://scholar.google.com/citations?user=tAQTJRIAAAAJ&hl=en)
2017-08-01 16:22:21 [scrapy.core.scraper] DEBUG: Scraped from <200 https://scholar.google.com/citations?view_op=view_citation&hl=en&oe=ASCII&user=tAQTJRIAAAAJ&citation_for_view=tAQTJRIAAAAJ:2osOgNQ5qMEC>
{'authors': 'Christian Wagner, Hani Hagras',
 'conference': 'Advances in Type-2 Fuzzy Logic Systems (T2FUZZ), 2011 IEEE '
               'Symposium on',
 'gs_link': 'https://scholar.google.com/citations?view_op=view_citation&hl=en&oe=ASCII&user=tAQTJRIAAAAJ&citation_for_view=tAQTJRIAAAAJ:2osOgNQ5qMEC',
 'journal': '',
 'pdf_link': 'http://repository.essex.ac.uk/4433/1/multilevelagreement.pdf',
 'publication_date': '2011/4/11',
 'publisher': 'IEEE',
 'title': 'Employing zSlices based general type-2 fuzzy sets to model multi '
          'level agreement',
 'total_citations': '26'}
2017-08-01 16:22:23 [scrapy.core.engine] DEBUG: Crawled (200) <GET https://scholar.google.com/citations?view_op=view_citation&hl=en&oe=ASCII&user=tAQTJRIAAAAJ&citation_for_view=tAQTJRIAAAAJ:O3NaXMp0MMsC> (referer: https://scholar.google.com/citations?user=tAQTJRIAAAAJ&hl=en)
2017-08-01 16:22:23 [scrapy.core.scraper] DEBUG: Scraped from <200 https://scholar.google.com/citations?view_op=view_citation&hl=en&oe=ASCII&user=tAQTJRIAAAAJ&citation_for_view=tAQTJRIAAAAJ:O3NaXMp0MMsC>
{'authors': 'Christian Wagner',
 'conference': 'Advances in Type-2 Fuzzy Logic Systems (T2FUZZ), 2013 IEEE '
               'Symposium on',
 'gs_link': 'https://scholar.google.com/citations?view_op=view_citation&hl=en&oe=ASCII&user=tAQTJRIAAAAJ&citation_for_view=tAQTJRIAAAAJ:O3NaXMp0MMsC',
 'journal': '',
 'pdf_link': 'https://pdfs.semanticscholar.org/3859/0f694bf53842e8fd0604f3188cb4b1bcad4d.pdf',
 'publication_date': '2013/4/16',
 'publisher': 'IEEE',
 'title': 'Juzzy-a java based toolkit for type-2 fuzzy logic',
 'total_citations': '27'}
2017-08-01 16:22:25 [scrapy.core.engine] DEBUG: Crawled (200) <GET https://scholar.google.com/citations?view_op=view_citation&hl=en&oe=ASCII&user=tAQTJRIAAAAJ&citation_for_view=tAQTJRIAAAAJ:4DMP91E08xMC> (referer: https://scholar.google.com/citations?user=tAQTJRIAAAAJ&hl=en)
2017-08-01 16:22:26 [scrapy.core.scraper] DEBUG: Scraped from <200 https://scholar.google.com/citations?view_op=view_citation&hl=en&oe=ASCII&user=tAQTJRIAAAAJ&citation_for_view=tAQTJRIAAAAJ:4DMP91E08xMC>
{'authors': 'Ana Belen Cara, Christian Wagner, Hani Hagras, Hector Pomares, '
            'Ignacio Rojas',
 'conference': '',
 'gs_link': 'https://scholar.google.com/citations?view_op=view_citation&hl=en&oe=ASCII&user=tAQTJRIAAAAJ&citation_for_view=tAQTJRIAAAAJ:4DMP91E08xMC',
 'journal': 'IEEE Transactions on Fuzzy systems',
 'pdf_link': 'https://www.researchgate.net/profile/Hani_Hagras/publication/256214422_Multiobjective_Optimization_and_Comparison_of_Nonsingleton_Type-1_and_Singleton_Interval_Type-2_Fuzzy_Logic_Systems/links/544543bb0cf2f14fb80ef866.pdf',
 'publication_date': '2013/06/01',
 'publisher': 'IEEE',
 'title': 'Multiobjective optimization and comparison of nonsingleton type-1 '
          'and singleton interval type-2 fuzzy logic systems',
 'total_citations': '28'}
2017-08-01 16:22:28 [scrapy.core.engine] DEBUG: Crawled (200) <GET https://scholar.google.com/citations?view_op=view_citation&hl=en&oe=ASCII&user=tAQTJRIAAAAJ&citation_for_view=tAQTJRIAAAAJ:qjMakFHDy7sC> (referer: https://scholar.google.com/citations?user=tAQTJRIAAAAJ&hl=en)
2017-08-01 16:22:28 [scrapy.core.scraper] DEBUG: Scraped from <200 https://scholar.google.com/citations?view_op=view_citation&hl=en&oe=ASCII&user=tAQTJRIAAAAJ&citation_for_view=tAQTJRIAAAAJ:qjMakFHDy7sC>
{'authors': 'Christian Wagner Hani Hagras',
 'conference': '',
 'gs_link': 'https://scholar.google.com/citations?view_op=view_citation&hl=en&oe=ASCII&user=tAQTJRIAAAAJ&citation_for_view=tAQTJRIAAAAJ:qjMakFHDy7sC',
 'journal': '',
 'pdf_link': 'https://pdfs.semanticscholar.org/3b11/b62e18ca200bbf37897865dd699632ad1d0c.pdf',
 'publication_date': '2009/01/01',
 'publisher': '',
 'title': 'Novel methods for the design of general type-2 fuzzy sets based on '
          'device characteristics and linguistic labels surveys',
 'total_citations': '30'}
2017-08-01 16:22:31 [scrapy.core.engine] DEBUG: Crawled (200) <GET https://scholar.google.com/citations?view_op=view_citation&hl=en&oe=ASCII&user=tAQTJRIAAAAJ&citation_for_view=tAQTJRIAAAAJ:M05iB0D1s5AC> (referer: https://scholar.google.com/citations?user=tAQTJRIAAAAJ&hl=en)
2017-08-01 16:22:31 [scrapy.core.scraper] DEBUG: Scraped from <200 https://scholar.google.com/citations?view_op=view_citation&hl=en&oe=ASCII&user=tAQTJRIAAAAJ&citation_for_view=tAQTJRIAAAAJ:M05iB0D1s5AC>
{'authors': 'Christian Wagner, Simon Miller, Jonathan M Garibaldi, Derek T '
            'Anderson, Timothy C Havens',
 'conference': '',
 'gs_link': 'https://scholar.google.com/citations?view_op=view_citation&hl=en&oe=ASCII&user=tAQTJRIAAAAJ&citation_for_view=tAQTJRIAAAAJ:M05iB0D1s5AC',
 'journal': 'IEEE Transactions on Fuzzy Systems',
 'pdf_link': 'http://eprints.nottingham.ac.uk/29176/1/',
 'publication_date': '2015/04/01',
 'publisher': 'IEEE',
 'title': 'From interval-valued data to general type-2 fuzzy sets',
 'total_citations': '33'}
2017-08-01 16:22:33 [scrapy.core.engine] DEBUG: Crawled (200) <GET https://scholar.google.com/citations?view_op=view_citation&hl=en&oe=ASCII&user=tAQTJRIAAAAJ&citation_for_view=tAQTJRIAAAAJ:_kc_bZDykSQC> (referer: https://scholar.google.com/citations?user=tAQTJRIAAAAJ&hl=en)
2017-08-01 16:22:33 [scrapy.core.scraper] DEBUG: Scraped from <200 https://scholar.google.com/citations?view_op=view_citation&hl=en&oe=ASCII&user=tAQTJRIAAAAJ&citation_for_view=tAQTJRIAAAAJ:_kc_bZDykSQC>
{'authors': 'Hani Hagras, Christian Wagner',
 'conference': '',
 'gs_link': 'https://scholar.google.com/citations?view_op=view_citation&hl=en&oe=ASCII&user=tAQTJRIAAAAJ&citation_for_view=tAQTJRIAAAAJ:_kc_bZDykSQC',
 'journal': 'IEEE Computational Intelligence Magazine',
 'pdf_link': 'https://www.researchgate.net/profile/Hani_Hagras/publication/267097192_T2_Applications_2013/links/544545110cf2f14fb80ef88f.pdf',
 'publication_date': '2012/08/01',
 'publisher': 'IEEE',
 'title': 'Towards the wide spread use of type-2 fuzzy logic systems in real '
          'world applications',
 'total_citations': '64'}
2017-08-01 16:22:36 [scrapy.core.engine] DEBUG: Crawled (200) <GET https://scholar.google.com/citations?view_op=view_citation&hl=en&oe=ASCII&user=tAQTJRIAAAAJ&citation_for_view=tAQTJRIAAAAJ:hqOjcs7Dif8C> (referer: https://scholar.google.com/citations?user=tAQTJRIAAAAJ&hl=en)
2017-08-01 16:22:36 [scrapy.core.scraper] DEBUG: Scraped from <200 https://scholar.google.com/citations?view_op=view_citation&hl=en&oe=ASCII&user=tAQTJRIAAAAJ&citation_for_view=tAQTJRIAAAAJ:hqOjcs7Dif8C>
{'authors': 'Christian Wagner, Hani Hagras',
 'conference': 'Fuzzy Systems Conference, 2007. FUZZ-IEEE 2007. IEEE '
               'International',
 'gs_link': 'https://scholar.google.com/citations?view_op=view_citation&hl=en&oe=ASCII&user=tAQTJRIAAAAJ&citation_for_view=tAQTJRIAAAAJ:hqOjcs7Dif8C',
 'journal': '',
 'pdf_link': 'http://www.academia.edu/download/31151814/wagner2007.pdf',
 'publication_date': '2007/7/23',
 'publisher': 'Ieee',
 'title': 'A genetic algorithm based architecture for evolving type-2 fuzzy '
          'logic controllers for real world autonomous mobile robots',
 'total_citations': '74'}
2017-08-01 16:22:39 [scrapy.core.engine] DEBUG: Crawled (200) <GET https://scholar.google.com/citations?view_op=view_citation&hl=en&oe=ASCII&user=tAQTJRIAAAAJ&citation_for_view=tAQTJRIAAAAJ:u-x6o8ySG0sC> (referer: https://scholar.google.com/citations?user=tAQTJRIAAAAJ&hl=en)
2017-08-01 16:22:39 [scrapy.core.scraper] DEBUG: Scraped from <200 https://scholar.google.com/citations?view_op=view_citation&hl=en&oe=ASCII&user=tAQTJRIAAAAJ&citation_for_view=tAQTJRIAAAAJ:u-x6o8ySG0sC>
{'authors': 'Christian Wagner, Hani Hagras',
 'conference': 'Fuzzy Systems, 2008. FUZZ-IEEE 2008.(IEEE World Congress on '
               'Computational Intelligence). IEEE International Conference on',
 'gs_link': 'https://scholar.google.com/citations?view_op=view_citation&hl=en&oe=ASCII&user=tAQTJRIAAAAJ&citation_for_view=tAQTJRIAAAAJ:u-x6o8ySG0sC',
 'journal': '',
 'pdf_link': 'https://www.researchgate.net/profile/Hani_Hagras/publication/4375829_zSlices_-_Towards_bridging_the_gap_between_Interval_and_General_Type-2_Fuzzy_Logic/links/544513a30cf2dccf30b7faf9.pdf',
 'publication_date': '2008/6/1',
 'publisher': 'IEEE',
 'title': 'zSlices—towards bridging the gap between interval and general '
          'type-2 fuzzy logic',
 'total_citations': '77'}
2017-08-01 16:22:42 [scrapy.core.engine] DEBUG: Crawled (200) <GET https://scholar.google.com/citations?view_op=view_citation&hl=en&oe=ASCII&user=tAQTJRIAAAAJ&citation_for_view=tAQTJRIAAAAJ:Y0pCki6q_DkC> (referer: https://scholar.google.com/citations?user=tAQTJRIAAAAJ&hl=en)
2017-08-01 16:22:42 [scrapy.core.scraper] DEBUG: Scraped from <200 https://scholar.google.com/citations?view_op=view_citation&hl=en&oe=ASCII&user=tAQTJRIAAAAJ&citation_for_view=tAQTJRIAAAAJ:Y0pCki6q_DkC>
{'authors': 'Emmanuel A Jammeh, Martin Fleury, Christian Wagner, Hani Hagras, '
            'Mohammed Ghanbari',
 'conference': '',
 'gs_link': 'https://scholar.google.com/citations?view_op=view_citation&hl=en&oe=ASCII&user=tAQTJRIAAAAJ&citation_for_view=tAQTJRIAAAAJ:Y0pCki6q_DkC',
 'journal': 'IEEE Transactions on Fuzzy Systems',
 'pdf_link': 'https://www.researchgate.net/profile/Martin_Fleury/publication/224459783_Interval_Type-2_Fuzzy_Logic_Congestion_Control_for_Video_Streaming_Across_IP_Networks/links/00b49515db5a84e3d3000000.pdf',
 'publication_date': '2009/10/01',
 'publisher': 'IEEE',
 'title': 'Interval type-2 fuzzy logic congestion control for video streaming '
          'across IP networks',
 'total_citations': '126'}
2017-08-01 16:22:43 [scrapy.core.engine] DEBUG: Crawled (200) <GET https://scholar.google.com/citations?view_op=view_citation&hl=en&oe=ASCII&user=tAQTJRIAAAAJ&citation_for_view=tAQTJRIAAAAJ:u5HHmVD_uO8C> (referer: https://scholar.google.com/citations?user=tAQTJRIAAAAJ&hl=en)
2017-08-01 16:22:44 [scrapy.core.scraper] DEBUG: Scraped from <200 https://scholar.google.com/citations?view_op=view_citation&hl=en&oe=ASCII&user=tAQTJRIAAAAJ&citation_for_view=tAQTJRIAAAAJ:u5HHmVD_uO8C>
{'authors': 'Christian Wagner, Hani Hagras',
 'conference': '',
 'gs_link': 'https://scholar.google.com/citations?view_op=view_citation&hl=en&oe=ASCII&user=tAQTJRIAAAAJ&citation_for_view=tAQTJRIAAAAJ:u5HHmVD_uO8C',
 'journal': 'IEEE Transactions on Fuzzy Systems',
 'pdf_link': 'https://pdfs.semanticscholar.org/84fb/2c765a0ba55b86b4d8773dfe817c461c6f16.pdf',
 'publication_date': '2010/08/01',
 'publisher': 'IEEE',
 'title': 'Toward general type-2 fuzzy logic systems based on zSlices',
 'total_citations': '254'}
2017-08-01 16:22:46 [scrapy.core.engine] DEBUG: Crawled (200) <GET https://scholar.google.com/citations?user=tAQTJRIAAAAJ&hl=en&cstart=20&pagesize=20> (referer: https://scholar.google.com/citations?user=tAQTJRIAAAAJ&hl=en)
2017-08-01 16:22:49 [scrapy.core.engine] DEBUG: Crawled (200) <GET https://scholar.google.com/citations?view_op=view_citation&hl=en&oe=ASCII&user=tAQTJRIAAAAJ&citation_for_view=tAQTJRIAAAAJ:ldfaerwXgEUC> (referer: https://scholar.google.com/citations?user=tAQTJRIAAAAJ&hl=en)
2017-08-01 16:22:49 [scrapy.core.scraper] DEBUG: Scraped from <200 https://scholar.google.com/citations?view_op=view_citation&hl=en&oe=ASCII&user=tAQTJRIAAAAJ&citation_for_view=tAQTJRIAAAAJ:ldfaerwXgEUC>
{'authors': 'Derek T Anderson, Timothy C Havens, Christian Wagner, James M '
            'Keller, Melissa F Anderson, Daniel J Wescott',
 'conference': '',
 'gs_link': 'https://scholar.google.com/citations?view_op=view_citation&hl=en&oe=ASCII&user=tAQTJRIAAAAJ&citation_for_view=tAQTJRIAAAAJ:ldfaerwXgEUC',
 'journal': 'IEEE Transactions on Fuzzy Systems',
 'pdf_link': 'http://eprints.nottingham.ac.uk/37414/1/Extension%20of%20the%20Fuzzy%20Integral%20for%20General%20Fuzzy-Set%20Valued%20Information%20%20%20.pdf',
 'publication_date': '2014/12/01',
 'publisher': 'IEEE',
 'title': 'Extension of the fuzzy integral for general fuzzy set-valued '
          'information',
 'total_citations': '15'}
2017-08-01 16:22:51 [scrapy.core.engine] DEBUG: Crawled (200) <GET https://scholar.google.com/citations?view_op=view_citation&hl=en&oe=ASCII&user=tAQTJRIAAAAJ&citation_for_view=tAQTJRIAAAAJ:aqlVkmm33-oC> (referer: https://scholar.google.com/citations?user=tAQTJRIAAAAJ&hl=en)
2017-08-01 16:22:51 [scrapy.core.scraper] DEBUG: Scraped from <200 https://scholar.google.com/citations?view_op=view_citation&hl=en&oe=ASCII&user=tAQTJRIAAAAJ&citation_for_view=tAQTJRIAAAAJ:aqlVkmm33-oC>
{'authors': 'Aysenur Bilgin, James Dooley, Luke Whittington, Hani Hagras, '
            'Martin Henson, Christian Wagner, Areej Malibari, Abdullah '
            'Al-Ghamdi, Mohammed J Alhaddad, Daniyal Alghazzawi',
 'conference': 'Fuzzy Systems (FUZZ-IEEE), 2012 IEEE International Conference '
               'on',
 'gs_link': 'https://scholar.google.com/citations?view_op=view_citation&hl=en&oe=ASCII&user=tAQTJRIAAAAJ&citation_for_view=tAQTJRIAAAAJ:aqlVkmm33-oC',
 'journal': '',
 'pdf_link': 'https://pdfs.semanticscholar.org/26a4/f06ac8add0e4a8537f52b8b23335a5b3d001.pdf',
 'publication_date': '2012/6/10',
 'publisher': 'IEEE',
 'title': 'Dynamic profile-selection for zslices based type-2 fuzzy agents '
          'controlling multi-user ambient intelligent environments',
 'total_citations': '17'}
2017-08-01 16:22:54 [scrapy.core.engine] DEBUG: Crawled (200) <GET https://scholar.google.com/citations?view_op=view_citation&hl=en&oe=ASCII&user=tAQTJRIAAAAJ&citation_for_view=tAQTJRIAAAAJ:9yKSN-GCB0IC> (referer: https://scholar.google.com/citations?user=tAQTJRIAAAAJ&hl=en)
2017-08-01 16:22:54 [scrapy.core.scraper] DEBUG: Scraped from <200 https://scholar.google.com/citations?view_op=view_citation&hl=en&oe=ASCII&user=tAQTJRIAAAAJ&citation_for_view=tAQTJRIAAAAJ:9yKSN-GCB0IC>
{'authors': 'Christian Wagner, Hani Hagras',
 'conference': 'Fuzzy Systems (FUZZ), 2010 IEEE International Conference on',
 'gs_link': 'https://scholar.google.com/citations?view_op=view_citation&hl=en&oe=ASCII&user=tAQTJRIAAAAJ&citation_for_view=tAQTJRIAAAAJ:9yKSN-GCB0IC',
 'journal': '',
 'pdf_link': 'https://www.researchgate.net/profile/Hani_Hagras/publication/224177005_An_approach_for_the_generation_and_adaptation_of_zSlices_based_general_type-2_fuzzy_sets_from_interval_type-2_fuzzy_sets_to_model_agreement_with_application_to_Intelligent_Environments/links/544513a00cf2dccf30b7fa8d.pdf',
 'publication_date': '2010/7/18',
 'publisher': 'IEEE',
 'title': 'An approach for the generation and adaptation of zSlices based '
          'general type-2 fuzzy sets from interval type-2 fuzzy sets to model '
          'agreement with application to Intelligent Environments',
 'total_citations': '18'}
2017-08-01 16:22:57 [scrapy.core.engine] DEBUG: Crawled (200) <GET https://scholar.google.com/citations?view_op=view_citation&hl=en&oe=ASCII&user=tAQTJRIAAAAJ&citation_for_view=tAQTJRIAAAAJ:eQOLeE2rZwMC> (referer: https://scholar.google.com/citations?user=tAQTJRIAAAAJ&hl=en)
2017-08-01 16:22:57 [scrapy.core.scraper] DEBUG: Scraped from <200 https://scholar.google.com/citations?view_op=view_citation&hl=en&oe=ASCII&user=tAQTJRIAAAAJ&citation_for_view=tAQTJRIAAAAJ:eQOLeE2rZwMC>
{'authors': 'Christian Wagner, Simon Miller, Jonathan M Garibaldi',
 'conference': 'Fuzzy Systems (FUZZ), 2011 IEEE International Conference on',
 'gs_link': 'https://scholar.google.com/citations?view_op=view_citation&hl=en&oe=ASCII&user=tAQTJRIAAAAJ&citation_for_view=tAQTJRIAAAAJ:eQOLeE2rZwMC',
 'journal': '',
 'pdf_link': 'http://www.academia.edu/download/31151817/wagner2011a.pdf',
 'publication_date': '2011/6/27',
 'publisher': 'IEEE',
 'title': 'A fuzzy toolbox for the R programming language',
 'total_citations': '18'}
2017-08-01 16:22:59 [scrapy.core.engine] DEBUG: Crawled (200) <GET https://scholar.google.com/citations?view_op=view_citation&hl=en&oe=ASCII&user=tAQTJRIAAAAJ&citation_for_view=tAQTJRIAAAAJ:a0OBvERweLwC> (referer: https://scholar.google.com/citations?user=tAQTJRIAAAAJ&hl=en)
2017-08-01 16:22:59 [scrapy.core.scraper] DEBUG: Scraped from <200 https://scholar.google.com/citations?view_op=view_citation&hl=en&oe=ASCII&user=tAQTJRIAAAAJ&citation_for_view=tAQTJRIAAAAJ:a0OBvERweLwC>
{'authors': 'Jabran Hussain Aladi, Christian Wagner, Jonathan M Garibaldi',
 'conference': 'Fuzzy Systems (FUZZ-IEEE), 2014 IEEE International Conference '
               'on',
 'gs_link': 'https://scholar.google.com/citations?view_op=view_citation&hl=en&oe=ASCII&user=tAQTJRIAAAAJ&citation_for_view=tAQTJRIAAAAJ:a0OBvERweLwC',
 'journal': '',
 'pdf_link': 'http://citeseerx.ist.psu.edu/viewdoc/download?doi=10.1.1.469.7349&rep=rep1&type=pdf',
 'publication_date': '2014/7/6',
 'publisher': 'IEEE',
 'title': 'Type-1 or interval type-2 fuzzy logic systems—on the relationship '
          'of the amount of uncertainty and FOU size',
 'total_citations': '19'}
2017-08-01 16:23:01 [scrapy.core.engine] DEBUG: Crawled (200) <GET https://scholar.google.com/citations?view_op=view_citation&hl=en&oe=ASCII&user=tAQTJRIAAAAJ&cstart=20&citation_for_view=tAQTJRIAAAAJ:eJXPG6dFmWUC> (referer: https://scholar.google.com/citations?user=tAQTJRIAAAAJ&hl=en&cstart=20&pagesize=20)
2017-08-01 16:23:01 [scrapy.core.scraper] DEBUG: Scraped from <200 https://scholar.google.com/citations?view_op=view_citation&hl=en&oe=ASCII&user=tAQTJRIAAAAJ&cstart=20&citation_for_view=tAQTJRIAAAAJ:eJXPG6dFmWUC>
{'authors': 'Ken J Wallace, Christian Wagner, Michael J Smith',
 'conference': '',
 'gs_link': 'https://scholar.google.com/citations?view_op=view_citation&hl=en&oe=ASCII&user=tAQTJRIAAAAJ&cstart=20&citation_for_view=tAQTJRIAAAAJ:eJXPG6dFmWUC',
 'journal': 'Journal of environmental management',
 'pdf_link': '',
 'publication_date': '2016/4/1',
 'publisher': 'Academic Press',
 'title': 'Eliciting human values for conservation planning and decisions: a '
          'global issue',
 'total_citations': '6'}
2017-08-01 16:23:04 [scrapy.core.engine] DEBUG: Crawled (200) <GET https://scholar.google.com/citations?view_op=view_citation&hl=en&oe=ASCII&user=tAQTJRIAAAAJ&cstart=20&citation_for_view=tAQTJRIAAAAJ:4JMBOYKVnBMC> (referer: https://scholar.google.com/citations?user=tAQTJRIAAAAJ&hl=en&cstart=20&pagesize=20)
2017-08-01 16:23:04 [scrapy.core.scraper] DEBUG: Scraped from <200 https://scholar.google.com/citations?view_op=view_citation&hl=en&oe=ASCII&user=tAQTJRIAAAAJ&cstart=20&citation_for_view=tAQTJRIAAAAJ:4JMBOYKVnBMC>
{'authors': 'Christian Wagner, Hani Hagras',
 'conference': '',
 'gs_link': 'https://scholar.google.com/citations?view_op=view_citation&hl=en&oe=ASCII&user=tAQTJRIAAAAJ&cstart=20&citation_for_view=tAQTJRIAAAAJ:4JMBOYKVnBMC',
 'journal': '',
 'pdf_link': '',
 'publication_date': '2013/01/01',
 'publisher': 'Springer New York',
 'title': 'zSlices based general type-2 fuzzy sets and systems',
 'total_citations': '8'}
2017-08-01 16:23:06 [scrapy.core.engine] DEBUG: Crawled (200) <GET https://scholar.google.com/citations?view_op=view_citation&hl=en&oe=ASCII&user=tAQTJRIAAAAJ&cstart=20&citation_for_view=tAQTJRIAAAAJ:-f6ydRqryjwC> (referer: https://scholar.google.com/citations?user=tAQTJRIAAAAJ&hl=en&cstart=20&pagesize=20)
2017-08-01 16:23:07 [scrapy.core.scraper] DEBUG: Scraped from <200 https://scholar.google.com/citations?view_op=view_citation&hl=en&oe=ASCII&user=tAQTJRIAAAAJ&cstart=20&citation_for_view=tAQTJRIAAAAJ:-f6ydRqryjwC>
{'authors': 'Christian Wagner, Derek T Anderson, Timothy C Havens',
 'conference': 'Fuzzy Systems (FUZZ), 2013 IEEE International Conference on',
 'gs_link': 'https://scholar.google.com/citations?view_op=view_citation&hl=en&oe=ASCII&user=tAQTJRIAAAAJ&cstart=20&citation_for_view=tAQTJRIAAAAJ:-f6ydRqryjwC',
 'journal': '',
 'pdf_link': 'http://ai2-s2-pdfs.s3.amazonaws.com/d46d/74c03c51a8ecfa43d7bd9466f5cb9f788d12.pdf',
 'publication_date': '2013/7/7',
 'publisher': 'IEEE',
 'title': 'Generalization of the fuzzy integral for discontinuous interval-and '
          'non-convex interval fuzzy set-valued inputs',
 'total_citations': '8'}
2017-08-01 16:23:07 [scrapy.extensions.logstats] INFO: Crawled 25 pages (at 25 pages/min), scraped 23 items (at 23 items/min)
2017-08-01 16:23:09 [scrapy.core.engine] DEBUG: Crawled (200) <GET https://scholar.google.com/citations?view_op=view_citation&hl=en&oe=ASCII&user=tAQTJRIAAAAJ&cstart=20&citation_for_view=tAQTJRIAAAAJ:cFHS6HbyZ2cC> (referer: https://scholar.google.com/citations?user=tAQTJRIAAAAJ&hl=en&cstart=20&pagesize=20)
2017-08-01 16:23:09 [scrapy.core.scraper] DEBUG: Scraped from <200 https://scholar.google.com/citations?view_op=view_citation&hl=en&oe=ASCII&user=tAQTJRIAAAAJ&cstart=20&citation_for_view=tAQTJRIAAAAJ:cFHS6HbyZ2cC>
{'authors': 'Timothy C Havens, Derek T Anderson, Christian Wagner',
 'conference': '',
 'gs_link': 'https://scholar.google.com/citations?view_op=view_citation&hl=en&oe=ASCII&user=tAQTJRIAAAAJ&cstart=20&citation_for_view=tAQTJRIAAAAJ:cFHS6HbyZ2cC',
 'journal': 'IEEE Transactions on Fuzzy Systems',
 'pdf_link': 'http://eprints.nottingham.ac.uk/37872/1/Data-Informed%20Fuzzy%20Measures%20for%20Fuzzy%20Integration%20of%20Intervals%20and%20Fuzzy%20Numbers.pdf',
 'publication_date': '2015/10/01',
 'publisher': 'IEEE',
 'title': 'Data-informed fuzzy measures for fuzzy integration of intervals and '
          'fuzzy numbers',
 'total_citations': '8'}
2017-08-01 16:23:12 [scrapy.core.engine] DEBUG: Crawled (200) <GET https://scholar.google.com/citations?view_op=view_citation&hl=en&oe=ASCII&user=tAQTJRIAAAAJ&cstart=20&citation_for_view=tAQTJRIAAAAJ:zYLM7Y9cAGgC> (referer: https://scholar.google.com/citations?user=tAQTJRIAAAAJ&hl=en&cstart=20&pagesize=20)
2017-08-01 16:23:12 [scrapy.core.scraper] DEBUG: Scraped from <200 https://scholar.google.com/citations?view_op=view_citation&hl=en&oe=ASCII&user=tAQTJRIAAAAJ&cstart=20&citation_for_view=tAQTJRIAAAAJ:zYLM7Y9cAGgC>
{'authors': 'Tobias Heinroth, Achilles Kameas, Christian Wagner, Yacine Bellik',
 'conference': "Intelligent Agents, 2009. IA'09. IEEE Symposium on",
 'gs_link': 'https://scholar.google.com/citations?view_op=view_citation&hl=en&oe=ASCII&user=tAQTJRIAAAAJ&cstart=20&citation_for_view=tAQTJRIAAAAJ:zYLM7Y9cAGgC',
 'journal': '',
 'pdf_link': 'https://www.researchgate.net/profile/Tobias_Heinroth/publication/224446229_A_proposal_for_realizing_adaptive_ambient_ecologies_through_an_ontology-based_multi-agent_system/links/02bfe50d8b65889e42000000.pdf',
 'publication_date': '2009/3/30',
 'publisher': 'IEEE',
 'title': 'A proposal for realizing adaptive ambient ecologies through an '
          'ontology-based multi-agent system',
 'total_citations': '9'}
2017-08-01 16:23:14 [scrapy.core.engine] DEBUG: Crawled (200) <GET https://scholar.google.com/citations?view_op=view_citation&hl=en&oe=ASCII&user=tAQTJRIAAAAJ&cstart=20&citation_for_view=tAQTJRIAAAAJ:LkGwnXOMwfcC> (referer: https://scholar.google.com/citations?user=tAQTJRIAAAAJ&hl=en&cstart=20&pagesize=20)
2017-08-01 16:23:14 [scrapy.core.scraper] DEBUG: Scraped from <200 https://scholar.google.com/citations?view_op=view_citation&hl=en&oe=ASCII&user=tAQTJRIAAAAJ&cstart=20&citation_for_view=tAQTJRIAAAAJ:LkGwnXOMwfcC>
{'authors': 'Christian Wagner, Hani Hagras',
 'conference': 'Computational Intelligence (UKCI), 2010 UK Workshop on',
 'gs_link': 'https://scholar.google.com/citations?view_op=view_citation&hl=en&oe=ASCII&user=tAQTJRIAAAAJ&cstart=20&citation_for_view=tAQTJRIAAAAJ:LkGwnXOMwfcC',
 'journal': '',
 'pdf_link': 'https://pdfs.semanticscholar.org/efab/8eaeb440bd2caf71894da89589d6a8398ced.pdf',
 'publication_date': '2010/9/8',
 'publisher': 'IEEE',
 'title': 'Uncertainty and type-2 fuzzy sets and systems',
 'total_citations': '9'}
2017-08-01 16:23:17 [scrapy.core.engine] DEBUG: Crawled (200) <GET https://scholar.google.com/citations?view_op=view_citation&hl=en&oe=ASCII&user=tAQTJRIAAAAJ&cstart=20&citation_for_view=tAQTJRIAAAAJ:UebtZRa9Y70C> (referer: https://scholar.google.com/citations?user=tAQTJRIAAAAJ&hl=en&cstart=20&pagesize=20)
2017-08-01 16:23:17 [scrapy.core.scraper] DEBUG: Scraped from <200 https://scholar.google.com/citations?view_op=view_citation&hl=en&oe=ASCII&user=tAQTJRIAAAAJ&cstart=20&citation_for_view=tAQTJRIAAAAJ:UebtZRa9Y70C>
{'authors': 'E Jammeh, M Fleury, C Wagner, H Hagras, M Ghanbari',
 'conference': 'Intelligent Environments, 2008 IET 4th International '
               'Conference on',
 'gs_link': 'https://scholar.google.com/citations?view_op=view_citation&hl=en&oe=ASCII&user=tAQTJRIAAAAJ&cstart=20&citation_for_view=tAQTJRIAAAAJ:UebtZRa9Y70C',
 'journal': '',
 'pdf_link': 'http://www.academia.edu/download/31004500/wagner2008a.pdf',
 'publication_date': '2008/7/21',
 'publisher': 'IET',
 'title': 'Interval type-2 fuzzy logic congestion control of video streaming',
 'total_citations': '10'}
2017-08-01 16:23:19 [scrapy.core.engine] DEBUG: Crawled (200) <GET https://scholar.google.com/citations?view_op=view_citation&hl=en&oe=ASCII&user=tAQTJRIAAAAJ&cstart=20&citation_for_view=tAQTJRIAAAAJ:roLk4NBRz8UC> (referer: https://scholar.google.com/citations?user=tAQTJRIAAAAJ&hl=en&cstart=20&pagesize=20)
2017-08-01 16:23:19 [scrapy.core.scraper] DEBUG: Scraped from <200 https://scholar.google.com/citations?view_op=view_citation&hl=en&oe=ASCII&user=tAQTJRIAAAAJ&cstart=20&citation_for_view=tAQTJRIAAAAJ:roLk4NBRz8UC>
{'authors': 'Christian Wagner, Hani Hagras',
 'conference': 'Information Reuse and Integration (IRI), 2010 IEEE '
               'International Conference on',
 'gs_link': 'https://scholar.google.com/citations?view_op=view_citation&hl=en&oe=ASCII&user=tAQTJRIAAAAJ&cstart=20&citation_for_view=tAQTJRIAAAAJ:roLk4NBRz8UC',
 'journal': '',
 'pdf_link': 'http://ai2-s2-pdfs.s3.amazonaws.com/e8ec/b07121b2f2739abe5d0fdfc08497ddabb29a.pdf',
 'publication_date': '2010/8/4',
 'publisher': 'IEEE',
 'title': 'Fuzzy composite concepts based on human reasoning',
 'total_citations': '11'}
2017-08-01 16:23:22 [scrapy.core.engine] DEBUG: Crawled (200) <GET https://scholar.google.com/citations?view_op=view_citation&hl=en&oe=ASCII&user=tAQTJRIAAAAJ&cstart=20&citation_for_view=tAQTJRIAAAAJ:ufrVoPGSRksC> (referer: https://scholar.google.com/citations?user=tAQTJRIAAAAJ&hl=en&cstart=20&pagesize=20)
2017-08-01 16:23:22 [scrapy.core.scraper] DEBUG: Scraped from <200 https://scholar.google.com/citations?view_op=view_citation&hl=en&oe=ASCII&user=tAQTJRIAAAAJ&cstart=20&citation_for_view=tAQTJRIAAAAJ:ufrVoPGSRksC>
{'authors': 'James Dooley, Christian Wagner, Hani Hagras, Gaetan Pruvost',
 'conference': 'Parallel Computing in Electrical Engineering (PARELEC), 2011 '
               '6th International Symposium on',
 'gs_link': 'https://scholar.google.com/citations?view_op=view_citation&hl=en&oe=ASCII&user=tAQTJRIAAAAJ&cstart=20&citation_for_view=tAQTJRIAAAAJ:ufrVoPGSRksC',
 'journal': '',
 'pdf_link': '',
 'publication_date': '2011/4/3',
 'publisher': 'IEEE',
 'title': 'FollowMe: The Persistent GUI',
 'total_citations': '11'}
2017-08-01 16:23:25 [scrapy.core.engine] DEBUG: Crawled (200) <GET https://scholar.google.com/citations?view_op=view_citation&hl=en&oe=ASCII&user=tAQTJRIAAAAJ&cstart=20&citation_for_view=tAQTJRIAAAAJ:J_g5lzvAfSwC> (referer: https://scholar.google.com/citations?user=tAQTJRIAAAAJ&hl=en&cstart=20&pagesize=20)
2017-08-01 16:23:25 [scrapy.core.scraper] DEBUG: Scraped from <200 https://scholar.google.com/citations?view_op=view_citation&hl=en&oe=ASCII&user=tAQTJRIAAAAJ&cstart=20&citation_for_view=tAQTJRIAAAAJ:J_g5lzvAfSwC>
{'authors': 'Josie McCulloch, Christian Wagner, Uwe Aickelin',
 'conference': 'Fuzzy Systems (FUZZ), 2013 IEEE International Conference on',
 'gs_link': 'https://scholar.google.com/citations?view_op=view_citation&hl=en&oe=ASCII&user=tAQTJRIAAAAJ&cstart=20&citation_for_view=tAQTJRIAAAAJ:J_g5lzvAfSwC',
 'journal': '',
 'pdf_link': 'https://arxiv.org/pdf/1308.5136',
 'publication_date': '2013/7/7',
 'publisher': 'IEEE',
 'title': 'Extending similarity measures of interval type-2 fuzzy sets to '
          'general type-2 fuzzy sets',
 'total_citations': '12'}
2017-08-01 16:23:28 [scrapy.core.engine] DEBUG: Crawled (200) <GET https://scholar.google.com/citations?view_op=view_citation&hl=en&oe=ASCII&user=tAQTJRIAAAAJ&cstart=20&citation_for_view=tAQTJRIAAAAJ:qxL8FJ1GzNcC> (referer: https://scholar.google.com/citations?user=tAQTJRIAAAAJ&hl=en&cstart=20&pagesize=20)
2017-08-01 16:23:28 [scrapy.core.scraper] DEBUG: Scraped from <200 https://scholar.google.com/citations?view_op=view_citation&hl=en&oe=ASCII&user=tAQTJRIAAAAJ&cstart=20&citation_for_view=tAQTJRIAAAAJ:qxL8FJ1GzNcC>
{'authors': 'Derek T Anderson, Timothy C Havens, Christian Wagner, James M '
            'Keller, Melissa F Anderson, Daniel J Wescott',
 'conference': 'Fuzzy Systems (FUZZ-IEEE), 2012 IEEE International Conference '
               'on',
 'gs_link': 'https://scholar.google.com/citations?view_op=view_citation&hl=en&oe=ASCII&user=tAQTJRIAAAAJ&cstart=20&citation_for_view=tAQTJRIAAAAJ:qxL8FJ1GzNcC',
 'journal': '',
 'pdf_link': 'http://derektanderson.com/pdfs/06250827.pdf',
 'publication_date': '2012/6/10',
 'publisher': 'IEEE',
 'title': 'Sugeno fuzzy integral generalizations for sub-normal fuzzy '
          'set-valued inputs',
 'total_citations': '13'}
2017-08-01 16:23:30 [scrapy.core.engine] DEBUG: Crawled (200) <GET https://scholar.google.com/citations?user=tAQTJRIAAAAJ&hl=en&cstart=40&pagesize=20> (referer: https://scholar.google.com/citations?user=tAQTJRIAAAAJ&hl=en&cstart=20&pagesize=20)
2017-08-01 16:23:32 [scrapy.core.engine] DEBUG: Crawled (200) <GET https://scholar.google.com/citations?view_op=view_citation&hl=en&oe=ASCII&user=tAQTJRIAAAAJ&cstart=20&citation_for_view=tAQTJRIAAAAJ:vRqMK49ujn8C> (referer: https://scholar.google.com/citations?user=tAQTJRIAAAAJ&hl=en&cstart=20&pagesize=20)
2017-08-01 16:23:32 [scrapy.crawler] INFO: Received SIG_SETMASK, shutting down gracefully. Send again to force 
2017-08-01 16:23:32 [scrapy.core.engine] INFO: Closing spider (shutdown)
2017-08-01 16:23:32 [scrapy.core.scraper] DEBUG: Scraped from <200 https://scholar.google.com/citations?view_op=view_citation&hl=en&oe=ASCII&user=tAQTJRIAAAAJ&cstart=20&citation_for_view=tAQTJRIAAAAJ:vRqMK49ujn8C>
{'authors': 'Amir Pourabdollah, Christian Wagner, Jabran Aladi',
 'conference': 'Fuzzy Systems (FUZZ-IEEE), 2015 IEEE International Conference '
               'on',
 'gs_link': 'https://scholar.google.com/citations?view_op=view_citation&hl=en&oe=ASCII&user=tAQTJRIAAAAJ&cstart=20&citation_for_view=tAQTJRIAAAAJ:vRqMK49ujn8C',
 'journal': '',
 'pdf_link': '',
 'publication_date': '2015/8/2',
 'publisher': 'IEEE',
 'title': 'Changes under the hood-a new type of non-singleton fuzzy logic '
          'system',
 'total_citations': '4'}
2017-08-01 16:23:33 [scrapy.core.engine] DEBUG: Crawled (200) <GET https://scholar.google.com/citations?view_op=view_citation&hl=en&oe=ASCII&user=tAQTJRIAAAAJ&cstart=20&citation_for_view=tAQTJRIAAAAJ:eflP2zaiRacC> (referer: https://scholar.google.com/citations?user=tAQTJRIAAAAJ&hl=en&cstart=20&pagesize=20)
2017-08-01 16:23:34 [scrapy.core.scraper] DEBUG: Scraped from <200 https://scholar.google.com/citations?view_op=view_citation&hl=en&oe=ASCII&user=tAQTJRIAAAAJ&cstart=20&citation_for_view=tAQTJRIAAAAJ:eflP2zaiRacC>
{'authors': 'Amir Pourabdollah, Christian Wagner, Jabran Aladi, Jon Garibaldi',
 'conference': '',
 'gs_link': 'https://scholar.google.com/citations?view_op=view_citation&hl=en&oe=ASCII&user=tAQTJRIAAAAJ&cstart=20&citation_for_view=tAQTJRIAAAAJ:eflP2zaiRacC',
 'journal': 'IEEE Transactions on Fuzzy Systems',
 'pdf_link': '',
 'publication_date': '2016/01/01',
 'publisher': 'IEEE',
 'title': 'Improved uncertainty capture for non-singleton fuzzy systems',
 'total_citations': '4'}
2017-08-01 16:23:36 [scrapy.core.engine] DEBUG: Crawled (200) <GET https://scholar.google.com/citations?view_op=view_citation&hl=en&oe=ASCII&user=tAQTJRIAAAAJ&cstart=20&citation_for_view=tAQTJRIAAAAJ:Wp0gIr-vW9MC> (referer: https://scholar.google.com/citations?user=tAQTJRIAAAAJ&hl=en&cstart=20&pagesize=20)
2017-08-01 16:23:36 [scrapy.core.scraper] DEBUG: Scraped from <200 https://scholar.google.com/citations?view_op=view_citation&hl=en&oe=ASCII&user=tAQTJRIAAAAJ&cstart=20&citation_for_view=tAQTJRIAAAAJ:Wp0gIr-vW9MC>
{'authors': 'C Wagner, H Hagras',
 'conference': '',
 'gs_link': 'https://scholar.google.com/citations?view_op=view_citation&hl=en&oe=ASCII&user=tAQTJRIAAAAJ&cstart=20&citation_for_view=tAQTJRIAAAAJ:Wp0gIr-vW9MC',
 'journal': 'Confidential deliverable, The ATRACO Project (FP7/2007–2013 grant '
            'agreement n 216837)',
 'pdf_link': '',
 'publication_date': '2010/01/01',
 'publisher': '',
 'title': 'D14–artefact operation adaptation component',
 'total_citations': '5'}
2017-08-01 16:23:37 [scrapy.core.engine] DEBUG: Crawled (200) <GET https://scholar.google.com/citations?view_op=view_citation&hl=en&oe=ASCII&user=tAQTJRIAAAAJ&cstart=20&citation_for_view=tAQTJRIAAAAJ:RGFaLdJalmkC> (referer: https://scholar.google.com/citations?user=tAQTJRIAAAAJ&hl=en&cstart=20&pagesize=20)
2017-08-01 16:23:38 [scrapy.core.scraper] DEBUG: Scraped from <200 https://scholar.google.com/citations?view_op=view_citation&hl=en&oe=ASCII&user=tAQTJRIAAAAJ&cstart=20&citation_for_view=tAQTJRIAAAAJ:RGFaLdJalmkC>
{'authors': 'Tuong Manh Vu, Peer-Olaf Siebers, Christian Wagner',
 'conference': 'Computational Intelligence (UKCI), 2013 13th UK Workshop on',
 'gs_link': 'https://scholar.google.com/citations?view_op=view_citation&hl=en&oe=ASCII&user=tAQTJRIAAAAJ&cstart=20&citation_for_view=tAQTJRIAAAAJ:RGFaLdJalmkC',
 'journal': '',
 'pdf_link': 'http://www.academia.edu/download/46306267/Comparison_of_Crisp_Systems_and_Fuzzy_Sy20160607-12333-1vrl89a.pdf',
 'publication_date': '2013/9/9',
 'publisher': 'IEEE',
 'title': 'Comparison of crisp systems and fuzzy systems in agent-based '
          'simulation: A case study of soccer penalties',
 'total_citations': '5'}
